Copyright 1986-2015 Xilinx, Inc. All Rights Reserved.
------------------------------------------------------------------------------------------------------
| Tool Version      : Vivado v.2015.2 (win64) Build 1266856 Fri Jun 26 16:35:25 MDT 2015
| Date              : Tue Jul 25 17:43:52 2017
| Host              : CCW-PC running 64-bit Service Pack 1  (build 7601)
| Command           : report_clock_utilization -file zynq_system_wrapper_clock_utilization_routed.rpt
| Design            : zynq_system_wrapper
| Device            : 7z020-clg484
| Speed File        : -1  PRODUCTION 1.11 2014-09-11
| Temperature Grade : C
------------------------------------------------------------------------------------------------------

Clock Utilization Report

Table of Contents
-----------------
1. Clock Primitive Utilization
2. Details of Global Clocks
3. Details of Regional Clocks
4. Details of Multi-Regional Clocks
5. Details of I/O Clocks
6. Details of Local Clocks
7. Clock Regions : Key Resource Utilization
8. Net wise resources used in clock region X0Y0
9. Net wise resources used in clock region X1Y0
10. Net wise resources used in clock region X0Y1
11. Net wise resources used in clock region X1Y1
12. Net wise resources used in clock region X0Y2

1. Clock Primitive Utilization
------------------------------

+-------+------+-----------+-----------+
| Type  | Used | Available | Num Fixed |
+-------+------+-----------+-----------+
| BUFG  |    5 |        32 |         0 |
| BUFH  |    0 |        72 |         0 |
| BUFIO |    0 |        16 |         0 |
| MMCM  |    1 |         4 |         0 |
| PLL   |    0 |         4 |         0 |
| BUFR  |    0 |        16 |         0 |
| BUFMR |    0 |         8 |         0 |
+-------+------+-----------+-----------+


2. Details of Global Clocks
---------------------------

+-------+---------------------------------------------------------------------------+---------------------------------------------------------------------+--------------+-------+
|       |                                                                           |                                                                     |   Num Loads  |       |
+-------+---------------------------------------------------------------------------+---------------------------------------------------------------------+------+-------+-------+
| Index | BUFG Cell                                                                 | Net Name                                                            | BELs | Sites | Fixed |
+-------+---------------------------------------------------------------------------+---------------------------------------------------------------------+------+-------+-------+
|     1 | zynq_system_i/hdmitx_clkgen_U/U0/USER_LOGIC_I/i_clkgen/i_fb_buf           | zynq_system_i/hdmitx_clkgen_U/U0/USER_LOGIC_I/i_clkgen/buf_fb_clk_s |    1 |     1 |    no |
|     2 | zynq_system_i/processing_system7_0/inst/buffer_fclk_clk_2.FCLK_CLK_2_BUFG | zynq_system_i/processing_system7_0/inst/FCLK_CLK2                   |    1 |     1 |    no |
|     3 | zynq_system_i/hdmitx_clkgen_U/U0/USER_LOGIC_I/i_clkgen/i_buf              | zynq_system_i/hdmitx_clkgen_U/U0/USER_LOGIC_I/i_clkgen/clk          |  993 |   317 |    no |
|     4 | zynq_system_i/processing_system7_0/inst/buffer_fclk_clk_0.FCLK_CLK_0_BUFG | zynq_system_i/processing_system7_0/inst/FCLK_CLK0                   | 2602 |  1014 |    no |
|     5 | zynq_system_i/processing_system7_0/inst/buffer_fclk_clk_1.FCLK_CLK_1_BUFG | zynq_system_i/processing_system7_0/inst/FCLK_CLK1                   | 6592 |  1895 |    no |
+-------+---------------------------------------------------------------------------+---------------------------------------------------------------------+------+-------+-------+


+-------+---------------------------------------------------------------+----------------------------------------------------------------------+--------------+-------+
|       |                                                               |                                                                      |   Num Loads  |       |
+-------+---------------------------------------------------------------+----------------------------------------------------------------------+------+-------+-------+
| Index | MMCM Cell                                                     | Net Name                                                             | BELs | Sites | Fixed |
+-------+---------------------------------------------------------------+----------------------------------------------------------------------+------+-------+-------+
|     1 | zynq_system_i/hdmitx_clkgen_U/U0/USER_LOGIC_I/i_clkgen/i_mmcm | zynq_system_i/hdmitx_clkgen_U/U0/USER_LOGIC_I/i_clkgen/mmcm_clk_s    |    1 |     1 |    no |
|     2 | zynq_system_i/hdmitx_clkgen_U/U0/USER_LOGIC_I/i_clkgen/i_mmcm | zynq_system_i/hdmitx_clkgen_U/U0/USER_LOGIC_I/i_clkgen/mmcm_fb_clk_s |    1 |     1 |    no |
+-------+---------------------------------------------------------------+----------------------------------------------------------------------+------+-------+-------+


3. Details of Regional Clocks
-----------------------------

4. Details of Multi-Regional Clocks
-----------------------------------

5. Details of I/O Clocks
------------------------

6. Details of Local Clocks
--------------------------

7. Clock Regions : Key Resource Utilization
-------------------------------------------

+-------------------+--------------+--------------+--------------+--------------+--------------+--------------+--------------+--------------+--------------+--------------+--------------+--------------+--------------+--------------+--------------+
|                   | Global Clock |     BUFRs    |    BUFMRs    |    BUFIOs    |     MMCM     |      PLL     |      GT      |      PCI     |    ILOGIC    |    OLOGIC    |      FF      |     LUTM     |    RAMB18    |    RAMB36    |    DSP48E1   |
+-------------------+------+-------+------+-------+------+-------+------+-------+------+-------+------+-------+------+-------+------+-------+------+-------+------+-------+------+-------+------+-------+------+-------+------+-------+------+-------+
| Clock Region Name | Used | Avail | Used | Avail | Used | Avail | Used | Avail | Used | Avail | Used | Avail | Used | Avail | Used | Avail | Used | Avail | Used | Avail | Used | Avail | Used | Avail | Used | Avail | Used | Avail | Used | Avail |
+-------------------+------+-------+------+-------+------+-------+------+-------+------+-------+------+-------+------+-------+------+-------+------+-------+------+-------+------+-------+------+-------+------+-------+------+-------+------+-------+
| X0Y0              |    3 |    12 |    0 |     4 |    0 |     2 |    0 |     4 |    0 |     1 |    0 |     1 |    0 |     0 |    0 |     0 |    0 |    50 |    0 |    50 | 4403 | 20000 |  207 |  4000 |    5 |    60 |    6 |    30 |    9 |    60 |
| X1Y0              |    5 |    12 |    0 |     4 |    0 |     2 |    0 |     4 |    1 |     1 |    0 |     1 |    0 |     0 |    0 |     0 |    0 |    50 |    1 |    50 | 1518 | 25600 |   27 |  3400 |    0 |    60 |    0 |    30 |    0 |    40 |
| X0Y1              |    2 |    12 |    0 |     0 |    0 |     0 |    0 |     0 |    0 |     0 |    0 |     0 |    0 |     0 |    0 |     0 |    0 |     0 |    0 |     0 | 2345 |  9600 |  264 |  1600 |    0 |    20 |    0 |    10 |    0 |    20 |
| X1Y1              |    2 |    12 |    0 |     4 |    0 |     2 |    0 |     4 |    0 |     1 |    0 |     1 |    0 |     0 |    0 |     0 |    0 |    50 |    0 |    50 | 1263 | 20800 |   90 |  3400 |    0 |    60 |    0 |    30 |    0 |    40 |
| X0Y2              |    2 |    12 |    0 |     0 |    0 |     0 |    0 |     0 |    0 |     0 |    0 |     0 |    0 |     0 |    0 |     0 |    0 |     0 |    0 |     0 |   32 |  9600 |   13 |  1600 |    0 |    20 |    0 |    10 |    0 |    20 |
| X1Y2              |    0 |    12 |    0 |     4 |    0 |     2 |    0 |     4 |    0 |     1 |    0 |     1 |    0 |     0 |    0 |     0 |    0 |    50 |    0 |    50 |    0 | 20800 |    0 |  3400 |    0 |    60 |    0 |    30 |    0 |    40 |
+-------------------+------+-------+------+-------+------+-------+------+-------+------+-------+------+-------+------+-------+------+-------+------+-------+------+-------+------+-------+------+-------+------+-------+------+-------+------+-------+
* RAMB36 site can be used as two RAMB18/FIFO18 sites.


8. Net wise resources used in clock region X0Y0
-----------------------------------------------

+-------------+--------------+-------+-----------+----------+---------+-----------+---------+---------+------+-------+----------+------------------------------------------------------------+
| Source Type | BUFHCE Site  | Fixed | MMCM Pins | PLL Pins | GT Pins | BRAM Pins | ILOGICs | OLOGICs |  FFs | LUTMs | DSP48E1s |                       Clock Net Name                       |
+-------------+--------------+-------+-----------+----------+---------+-----------+---------+---------+------+-------+----------+------------------------------------------------------------+
| BUFG        | BUFHCE_X0Y9  |   no  |         0 |        0 |       0 |         0 |       0 |       0 |  601 |     3 |        0 | zynq_system_i/processing_system7_0/inst/FCLK_CLK0          |
| BUFG        | BUFHCE_X0Y10 |   no  |         0 |        0 |       0 |         1 |       0 |       0 |  860 |     1 |        9 | zynq_system_i/hdmitx_clkgen_U/U0/USER_LOGIC_I/i_clkgen/clk |
| BUFG        | BUFHCE_X0Y8  |   no  |         0 |        0 |       0 |        21 |       0 |       0 | 2942 |   203 |        0 | zynq_system_i/processing_system7_0/inst/FCLK_CLK1          |
+-------------+--------------+-------+-----------+----------+---------+-----------+---------+---------+------+-------+----------+------------------------------------------------------------+


9. Net wise resources used in clock region X1Y0
-----------------------------------------------

+-------------+--------------+-------+-----------+----------+---------+-----------+---------+---------+------+-------+----------+---------------------------------------------------------------------+
| Source Type | BUFHCE Site  | Fixed | MMCM Pins | PLL Pins | GT Pins | BRAM Pins | ILOGICs | OLOGICs |  FFs | LUTMs | DSP48E1s |                            Clock Net Name                           |
+-------------+--------------+-------+-----------+----------+---------+-----------+---------+---------+------+-------+----------+---------------------------------------------------------------------+
| BUFG        | BUFHCE_X1Y0  |   no  |         1 |        0 |       0 |         0 |       0 |       0 |    0 |     0 |        0 | zynq_system_i/hdmitx_clkgen_U/U0/USER_LOGIC_I/i_clkgen/buf_fb_clk_s |
| BUFG        | BUFHCE_X1Y1  |   no  |         1 |        0 |       0 |         0 |       0 |       0 |    0 |     0 |        0 | zynq_system_i/processing_system7_0/inst/FCLK_CLK2                   |
| BUFG        | BUFHCE_X1Y11 |   no  |         0 |        0 |       0 |         0 |       0 |       1 |  113 |     8 |        0 | zynq_system_i/hdmitx_clkgen_U/U0/USER_LOGIC_I/i_clkgen/clk          |
| BUFG        | BUFHCE_X1Y8  |   no  |         0 |        0 |       0 |         0 |       0 |       0 |  383 |     0 |        0 | zynq_system_i/processing_system7_0/inst/FCLK_CLK1                   |
| BUFG        | BUFHCE_X1Y9  |   no  |         1 |        0 |       0 |         0 |       0 |       0 | 1022 |    19 |        0 | zynq_system_i/processing_system7_0/inst/FCLK_CLK0                   |
+-------------+--------------+-------+-----------+----------+---------+-----------+---------+---------+------+-------+----------+---------------------------------------------------------------------+


10. Net wise resources used in clock region X0Y1
------------------------------------------------

+-------------+--------------+-------+-----------+----------+---------+-----------+---------+---------+------+-------+----------+---------------------------------------------------+
| Source Type | BUFHCE Site  | Fixed | MMCM Pins | PLL Pins | GT Pins | BRAM Pins | ILOGICs | OLOGICs |  FFs | LUTMs | DSP48E1s |                   Clock Net Name                  |
+-------------+--------------+-------+-----------+----------+---------+-----------+---------+---------+------+-------+----------+---------------------------------------------------+
| BUFG        | BUFHCE_X0Y21 |   no  |         0 |        0 |       0 |         0 |       0 |       0 |  731 |    57 |        0 | zynq_system_i/processing_system7_0/inst/FCLK_CLK0 |
| BUFG        | BUFHCE_X0Y20 |   no  |         0 |        0 |       0 |         0 |       0 |       0 | 1614 |   207 |        0 | zynq_system_i/processing_system7_0/inst/FCLK_CLK1 |
+-------------+--------------+-------+-----------+----------+---------+-----------+---------+---------+------+-------+----------+---------------------------------------------------+


11. Net wise resources used in clock region X1Y1
------------------------------------------------

+-------------+--------------+-------+-----------+----------+---------+-----------+---------+---------+------+-------+----------+---------------------------------------------------+
| Source Type | BUFHCE Site  | Fixed | MMCM Pins | PLL Pins | GT Pins | BRAM Pins | ILOGICs | OLOGICs |  FFs | LUTMs | DSP48E1s |                   Clock Net Name                  |
+-------------+--------------+-------+-----------+----------+---------+-----------+---------+---------+------+-------+----------+---------------------------------------------------+
| BUFG        | BUFHCE_X1Y21 |   no  |         0 |        0 |       0 |         0 |       0 |       0 |  122 |     0 |        0 | zynq_system_i/processing_system7_0/inst/FCLK_CLK0 |
| BUFG        | BUFHCE_X1Y20 |   no  |         0 |        0 |       0 |         0 |       0 |       0 | 1141 |    90 |        0 | zynq_system_i/processing_system7_0/inst/FCLK_CLK1 |
+-------------+--------------+-------+-----------+----------+---------+-----------+---------+---------+------+-------+----------+---------------------------------------------------+


12. Net wise resources used in clock region X0Y2
------------------------------------------------

+-------------+--------------+-------+-----------+----------+---------+-----------+---------+---------+-----+-------+----------+---------------------------------------------------+
| Source Type | BUFHCE Site  | Fixed | MMCM Pins | PLL Pins | GT Pins | BRAM Pins | ILOGICs | OLOGICs | FFs | LUTMs | DSP48E1s |                   Clock Net Name                  |
+-------------+--------------+-------+-----------+----------+---------+-----------+---------+---------+-----+-------+----------+---------------------------------------------------+
| BUFG        |      ---     |   no  |         0 |        0 |       0 |         0 |       0 |       0 |   0 |     0 |        0 | zynq_system_i/processing_system7_0/inst/FCLK_CLK1 |
| BUFG        | BUFHCE_X0Y32 |   no  |         0 |        0 |       0 |         0 |       0 |       0 |  32 |    13 |        0 | zynq_system_i/processing_system7_0/inst/FCLK_CLK0 |
+-------------+--------------+-------+-----------+----------+---------+-----------+---------+---------+-----+-------+----------+---------------------------------------------------+



# Location of BUFG Primitives 
set_property LOC BUFGCTRL_X0Y1 [get_cells zynq_system_i/hdmitx_clkgen_U/U0/USER_LOGIC_I/i_clkgen/i_fb_buf]
set_property LOC BUFGCTRL_X0Y0 [get_cells zynq_system_i/hdmitx_clkgen_U/U0/USER_LOGIC_I/i_clkgen/i_buf]
set_property LOC BUFGCTRL_X0Y17 [get_cells zynq_system_i/processing_system7_0/inst/buffer_fclk_clk_0.FCLK_CLK_0_BUFG]
set_property LOC BUFGCTRL_X0Y16 [get_cells zynq_system_i/processing_system7_0/inst/buffer_fclk_clk_1.FCLK_CLK_1_BUFG]
set_property LOC BUFGCTRL_X0Y18 [get_cells zynq_system_i/processing_system7_0/inst/buffer_fclk_clk_2.FCLK_CLK_2_BUFG]

# Location of IO Clock Primitives

# Location of MMCM Clock Primitives
set_property LOC MMCME2_ADV_X1Y0 [get_cells zynq_system_i/hdmitx_clkgen_U/U0/USER_LOGIC_I/i_clkgen/i_mmcm]

# Location of BUFH Clock Primitives

# Location of BUFR Clock Primitives

# Location of BUFMR Clock Primitives

# Location of PLL Clock Primitives

# Location of IO Primitives which is load of clock spine

# Location of clock ports

# Clock net "zynq_system_i/hdmitx_clkgen_U/U0/USER_LOGIC_I/i_clkgen/clk" driven by instance "zynq_system_i/hdmitx_clkgen_U/U0/USER_LOGIC_I/i_clkgen/i_buf" located at site "BUFGCTRL_X0Y0"
#startgroup
create_pblock {CLKAG_zynq_system_i/hdmitx_clkgen_U/U0/USER_LOGIC_I/i_clkgen/clk}
add_cells_to_pblock [get_pblocks  {CLKAG_zynq_system_i/hdmitx_clkgen_U/U0/USER_LOGIC_I/i_clkgen/clk}] [get_cells -filter { PRIMITIVE_GROUP != I/O && IS_PRIMITIVE==1 && PRIMITIVE_LEVEL !=INTERNAL } -of_object [get_pins -filter {DIRECTION==IN} -of_objects [get_nets -hierarchical -filter {PARENT=="zynq_system_i/hdmitx_clkgen_U/U0/USER_LOGIC_I/i_clkgen/clk"}]]]
resize_pblock [get_pblocks {CLKAG_zynq_system_i/hdmitx_clkgen_U/U0/USER_LOGIC_I/i_clkgen/clk}] -add {CLOCKREGION_X0Y0:CLOCKREGION_X0Y0 CLOCKREGION_X1Y0:CLOCKREGION_X1Y0}
#endgroup

# Clock net "zynq_system_i/processing_system7_0/inst/FCLK_CLK0" driven by instance "zynq_system_i/processing_system7_0/inst/buffer_fclk_clk_0.FCLK_CLK_0_BUFG" located at site "BUFGCTRL_X0Y17"
#startgroup
create_pblock {CLKAG_zynq_system_i/processing_system7_0/inst/FCLK_CLK0}
add_cells_to_pblock [get_pblocks  {CLKAG_zynq_system_i/processing_system7_0/inst/FCLK_CLK0}] [get_cells -filter { PRIMITIVE_GROUP != I/O && IS_PRIMITIVE==1 && PRIMITIVE_LEVEL !=INTERNAL && NAME!=zynq_system_i/hdmitx_clkgen_U/U0/USER_LOGIC_I/i_clkgen/i_mmcm} -of_object [get_pins -filter {DIRECTION==IN} -of_objects [get_nets -hierarchical -filter {PARENT=="zynq_system_i/processing_system7_0/inst/FCLK_CLK0"}]]]
resize_pblock [get_pblocks {CLKAG_zynq_system_i/processing_system7_0/inst/FCLK_CLK0}] -add {CLOCKREGION_X0Y0:CLOCKREGION_X0Y0 CLOCKREGION_X0Y1:CLOCKREGION_X0Y1 CLOCKREGION_X0Y2:CLOCKREGION_X0Y2 CLOCKREGION_X1Y0:CLOCKREGION_X1Y0 CLOCKREGION_X1Y1:CLOCKREGION_X1Y1}
#endgroup

# Clock net "zynq_system_i/processing_system7_0/inst/FCLK_CLK1" driven by instance "zynq_system_i/processing_system7_0/inst/buffer_fclk_clk_1.FCLK_CLK_1_BUFG" located at site "BUFGCTRL_X0Y16"
#startgroup
create_pblock {CLKAG_zynq_system_i/processing_system7_0/inst/FCLK_CLK1}
add_cells_to_pblock [get_pblocks  {CLKAG_zynq_system_i/processing_system7_0/inst/FCLK_CLK1}] [get_cells -filter { PRIMITIVE_GROUP != I/O && IS_PRIMITIVE==1 && PRIMITIVE_LEVEL !=INTERNAL } -of_object [get_pins -filter {DIRECTION==IN} -of_objects [get_nets -hierarchical -filter {PARENT=="zynq_system_i/processing_system7_0/inst/FCLK_CLK1"}]]]
resize_pblock [get_pblocks {CLKAG_zynq_system_i/processing_system7_0/inst/FCLK_CLK1}] -add {CLOCKREGION_X0Y0:CLOCKREGION_X0Y0 CLOCKREGION_X0Y1:CLOCKREGION_X0Y1 CLOCKREGION_X0Y2:CLOCKREGION_X0Y2 CLOCKREGION_X1Y0:CLOCKREGION_X1Y0 CLOCKREGION_X1Y1:CLOCKREGION_X1Y1}
#endgroup
