#-----------------------------------------------------------
# Webtalk v2015.1 (64-bit)
# SW Build 1215546 on Mon Apr 27 19:37:43 MDT 2015
# 
# Start of session at: Thu Mar 31 11:31:58 2016
# Process ID: 9908
# Log file: D:/Work/01_Zed_v201501/SBFILTER/zed_filter/zed_filter.sdk/webtalk/webtalk.log
# Journal file: D:/Work/01_Zed_v201501/SBFILTER/zed_filter/zed_filter.sdk/webtalk\webtalk.jou
#-----------------------------------------------------------
source sdk_webtalk.tcl
# webtalk_init -webtalk_dir D:\\Work\\01_Zed_v201501\\SBFILTER\\zed_filter\\zed_filter.sdk\\webtalk
# webtalk_register_client -client project
# webtalk_add_data -client project -key date_generated -value "星期四 三月 31 11:31:49 2016" -context "software_version_and_target_device"
# webtalk_add_data -client project -key product_version -value "SDK v2015.1" -context "software_version_and_target_device"
# webtalk_add_data -client project -key build_version -value "2015.1" -context "software_version_and_target_device"
# webtalk_add_data -client project -key os_platform -value "amd64" -context "software_version_and_target_device"
# webtalk_add_data -client project -key registration_id -value "" -context "software_version_and_target_device"
# webtalk_add_data -client project -key tool_flow -value "SDK" -context "software_version_and_target_device"
# webtalk_add_data -client project -key beta -value "false" -context "software_version_and_target_device"
# webtalk_add_data -client project -key route_design -value "NA" -context "software_version_and_target_device"
# webtalk_add_data -client project -key target_family -value "NA" -context "software_version_and_target_device"
# webtalk_add_data -client project -key target_device -value "NA" -context "software_version_and_target_device"
# webtalk_add_data -client project -key target_package -value "NA" -context "software_version_and_target_device"
# webtalk_add_data -client project -key target_speed -value "NA" -context "software_version_and_target_device"
# webtalk_add_data -client project -key random_id -value "m5idlbn6g24leh087ptcarevcn" -context "software_version_and_target_device"
# webtalk_add_data -client project -key project_id -value "2015.1_22" -context "software_version_and_target_device"
# webtalk_add_data -client project -key project_iteration -value "22" -context "software_version_and_target_device"
# webtalk_add_data -client project -key os_name -value "" -context "user_environment"
# webtalk_add_data -client project -key os_release -value "" -context "user_environment"
# webtalk_add_data -client project -key cpu_name -value "" -context "user_environment"
# webtalk_add_data -client project -key cpu_speed -value "" -context "user_environment"
# webtalk_add_data -client project -key total_processors -value "" -context "user_environment"
# webtalk_add_data -client project -key system_ram -value "" -context "user_environment"
# webtalk_register_client -client sdk
# webtalk_add_data -client sdk -key uid -value "1459394631509" -context "sdk\\\\hardware/1459394631509"
# webtalk_add_data -client sdk -key isZynq -value "true" -context "sdk\\\\hardware/1459394631509"
# webtalk_add_data -client sdk -key Processors -value "2" -context "sdk\\\\hardware/1459394631509"
# webtalk_add_data -client sdk -key VivadoVersion -value "2015.1" -context "sdk\\\\hardware/1459394631509"
# webtalk_add_data -client sdk -key Arch -value "zynq" -context "sdk\\\\hardware/1459394631509"
# webtalk_add_data -client sdk -key Device -value "7z020" -context "sdk\\\\hardware/1459394631509"
# webtalk_add_data -client sdk -key IsHandoff -value "true" -context "sdk\\\\hardware/1459394631509"
# webtalk_add_data -client sdk -key uid -value "1459394674357" -context "sdk\\\\bsp/1459394674357"
# webtalk_add_data -client sdk -key hwid -value "1459394631509" -context "sdk\\\\bsp/1459394674357"
# webtalk_add_data -client sdk -key os -value "standalone" -context "sdk\\\\bsp/1459394674357"
# webtalk_add_data -client sdk -key apptemplate -value "null" -context "sdk\\\\bsp/1459394674357"
# webtalk_transmit -clientid 2483554191 -regid "" -xml D:\\Work\\01_Zed_v201501\\SBFILTER\\zed_filter\\zed_filter.sdk\\webtalk\\usage_statistics_ext_sdk.xml -html D:\\Work\\01_Zed_v201501\\SBFILTER\\zed_filter\\zed_filter.sdk\\webtalk\\usage_statistics_ext_sdk.html -wdm D:\\Work\\01_Zed_v201501\\SBFILTER\\zed_filter\\zed_filter.sdk\\webtalk\\sdk_webtalk.wdm -intro "<H3>SDK Usage Report</H3><BR>"

    while executing
"webtalk_transmit -clientid 2483554191 -regid "" -xml D:\\Work\\01_Zed_v201501\\SBFILTER\\zed_filter\\zed_filter.sdk\\webtalk\\usage_statistics_ext_sdk..."
    (file "sdk_webtalk.tcl" line 36)
INFO: [Common 17-206] Exiting Webtalk at Thu Mar 31 11:32:00 2016...
